# JRE version: OpenJDK Runtime Environment (8.0_76-b03) (build 1.8.0_76-release-b03)
# Java VM: OpenJDK 64-Bit Server VM (25.76-b03 mixed mode linux-amd64 compressed oops)
Heap:
 PSYoungGen      total 349696K, used 0K [0x00000000e0000000, 0x0000000100000000, 0x0000000100000000)
  eden space 175104K, 0% used [0x00000000e0000000,0x00000000e0000000,0x00000000eab00000)
  from space 174592K, 0% used [0x00000000eab00000,0x00000000eab00000,0x00000000f5580000)
  to   space 168448K, 0% used [0x00000000f5b80000,0x00000000f5b80000,0x0000000100000000)
 ParOldGen       total 362496K, used 322788K [0x00000000a0000000, 0x00000000b6200000, 0x00000000e0000000)
  object space 362496K, 89% used [0x00000000a0000000,0x00000000b3b39280,0x00000000b6200000)
 Metaspace       used 66428K, capacity 68410K, committed 68608K, reserved 1110016K
  class space    used 8427K, capacity 8871K, committed 8960K, reserved 1048576K
GC Heap History (10 events):
Event: 427.782 GC heap after
Heap after GC invocations=37 (full 8):
 PSYoungGen      total 362496K, used 48530K [0x00000000e0000000, 0x00000000ff100000, 0x0000000100000000)
  eden space 226816K, 0% used [0x00000000e0000000,0x00000000e0000000,0x00000000edd80000)
  from space 135680K, 35% used [0x00000000edd80000,0x00000000f0ce4a28,0x00000000f6200000)
  to   space 126976K, 0% used [0x00000000f7500000,0x00000000f7500000,0x00000000ff100000)
 ParOldGen       total 362496K, used 200163K [0x00000000a0000000, 0x00000000b6200000, 0x00000000e0000000)
  object space 362496K, 55% used [0x00000000a0000000,0x00000000ac378ef8,0x00000000b6200000)
 Metaspace       used 66427K, capacity 68410K, committed 68608K, reserved 1110016K
  class space    used 8427K, capacity 8871K, committed 8960K, reserved 1048576K
}
Event: 428.259 GC heap before
{Heap before GC invocations=38 (full 8):
 PSYoungGen      total 362496K, used 275346K [0x00000000e0000000, 0x00000000ff100000, 0x0000000100000000)
  eden space 226816K, 100% used [0x00000000e0000000,0x00000000edd80000,0x00000000edd80000)
  from space 135680K, 35% used [0x00000000edd80000,0x00000000f0ce4a28,0x00000000f6200000)
  to   space 126976K, 0% used [0x00000000f7500000,0x00000000f7500000,0x00000000ff100000)
 ParOldGen       total 362496K, used 200163K [0x00000000a0000000, 0x00000000b6200000, 0x00000000e0000000)
  object space 362496K, 55% used [0x00000000a0000000,0x00000000ac378ef8,0x00000000b6200000)
 Metaspace       used 66428K, capacity 68410K, committed 68608K, reserved 1110016K
  class space    used 8427K, capacity 8871K, committed 8960K, reserved 1048576K
Event: 428.344 GC heap after
Heap after GC invocations=38 (full 8):
 PSYoungGen      total 380416K, used 73122K [0x00000000e0000000, 0x00000000ff680000, 0x0000000100000000)
  eden space 253440K, 0% used [0x00000000e0000000,0x00000000e0000000,0x00000000ef780000)
  from space 126976K, 57% used [0x00000000f7500000,0x00000000fbc68bf8,0x00000000ff100000)
  to   space 128512K, 0% used [0x00000000ef780000,0x00000000ef780000,0x00000000f7500000)
 ParOldGen       total 362496K, used 200163K [0x00000000a0000000, 0x00000000b6200000, 0x00000000e0000000)
  object space 362496K, 55% used [0x00000000a0000000,0x00000000ac378ef8,0x00000000b6200000)
 Metaspace       used 66428K, capacity 68410K, committed 68608K, reserved 1110016K
  class space    used 8427K, capacity 8871K, committed 8960K, reserved 1048576K
}
Event: 428.719 GC heap before
{Heap before GC invocations=39 (full 8):
 PSYoungGen      total 380416K, used 326562K [0x00000000e0000000, 0x00000000ff680000, 0x0000000100000000)
  eden space 253440K, 100% used [0x00000000e0000000,0x00000000ef780000,0x00000000ef780000)
  from space 126976K, 57% used [0x00000000f7500000,0x00000000fbc68bf8,0x00000000ff100000)
  to   space 128512K, 0% used [0x00000000ef780000,0x00000000ef780000,0x00000000f7500000)
 ParOldGen       total 362496K, used 200163K [0x00000000a0000000, 0x00000000b6200000, 0x00000000e0000000)
  object space 362496K, 55% used [0x00000000a0000000,0x00000000ac378ef8,0x00000000b6200000)
 Metaspace       used 66428K, capacity 68410K, committed 68608K, reserved 1110016K
  class space    used 8427K, capacity 8871K, committed 8960K, reserved 1048576K
Event: 428.842 GC heap after
Heap after GC invocations=39 (full 8):
 PSYoungGen      total 381952K, used 128495K [0x00000000e0000000, 0x0000000100000000, 0x0000000100000000)
  eden space 253440K, 0% used [0x00000000e0000000,0x00000000e0000000,0x00000000ef780000)
  from space 128512K, 99% used [0x00000000ef780000,0x00000000f74fbeb8,0x00000000f7500000)
  to   space 142336K, 0% used [0x00000000f7500000,0x00000000f7500000,0x0000000100000000)
 ParOldGen       total 362496K, used 220688K [0x00000000a0000000, 0x00000000b6200000, 0x00000000e0000000)
  object space 362496K, 60% used [0x00000000a0000000,0x00000000ad784220,0x00000000b6200000)
 Metaspace       used 66428K, capacity 68410K, committed 68608K, reserved 1110016K
  class space    used 8427K, capacity 8871K, committed 8960K, reserved 1048576K
}
Event: 429.203 GC heap before
{Heap before GC invocations=40 (full 8):
 PSYoungGen      total 381952K, used 381935K [0x00000000e0000000, 0x0000000100000000, 0x0000000100000000)
  eden space 253440K, 100% used [0x00000000e0000000,0x00000000ef780000,0x00000000ef780000)
  from space 128512K, 99% used [0x00000000ef780000,0x00000000f74fbeb8,0x00000000f7500000)
  to   space 142336K, 0% used [0x00000000f7500000,0x00000000f7500000,0x0000000100000000)
 ParOldGen       total 362496K, used 220688K [0x00000000a0000000, 0x00000000b6200000, 0x00000000e0000000)
  object space 362496K, 60% used [0x00000000a0000000,0x00000000ad784220,0x00000000b6200000)
 Metaspace       used 66428K, capacity 68410K, committed 68608K, reserved 1110016K
  class space    used 8427K, capacity 8871K, committed 8960K, reserved 1048576K
Event: 429.360 GC heap after
Heap after GC invocations=40 (full 8):
 PSYoungGen      total 317440K, used 134776K [0x00000000e0000000, 0x0000000100000000, 0x0000000100000000)
  eden space 175104K, 0% used [0x00000000e0000000,0x00000000e0000000,0x00000000eab00000)
  from space 142336K, 94% used [0x00000000f7500000,0x00000000ff89e188,0x0000000100000000)
  to   space 174592K, 0% used [0x00000000eab00000,0x00000000eab00000,0x00000000f5580000)
 ParOldGen       total 362496K, used 263574K [0x00000000a0000000, 0x00000000b6200000, 0x00000000e0000000)
  object space 362496K, 72% used [0x00000000a0000000,0x00000000b0165a08,0x00000000b6200000)
 Metaspace       used 66428K, capacity 68410K, committed 68608K, reserved 1110016K
  class space    used 8427K, capacity 8871K, committed 8960K, reserved 1048576K
}
Event: 429.780 GC heap before
{Heap before GC invocations=41 (full 8):
 PSYoungGen      total 317440K, used 309880K [0x00000000e0000000, 0x0000000100000000, 0x0000000100000000)
  eden space 175104K, 100% used [0x00000000e0000000,0x00000000eab00000,0x00000000eab00000)
  from space 142336K, 94% used [0x00000000f7500000,0x00000000ff89e188,0x0000000100000000)
  to   space 174592K, 0% used [0x00000000eab00000,0x00000000eab00000,0x00000000f5580000)
 ParOldGen       total 362496K, used 263574K [0x00000000a0000000, 0x00000000b6200000, 0x00000000e0000000)
  object space 362496K, 72% used [0x00000000a0000000,0x00000000b0165a08,0x00000000b6200000)
 Metaspace       used 66428K, capacity 68410K, committed 68608K, reserved 1110016K
  class space    used 8427K, capacity 8871K, committed 8960K, reserved 1048576K
Event: 429.890 GC heap after
Heap after GC invocations=41 (full 8):
 PSYoungGen      total 349696K, used 79833K [0x00000000e0000000, 0x0000000100000000, 0x0000000100000000)
  eden space 175104K, 0% used [0x00000000e0000000,0x00000000e0000000,0x00000000eab00000)
  from space 174592K, 45% used [0x00000000eab00000,0x00000000ef8f67d0,0x00000000f5580000)
  to   space 168448K, 0% used [0x00000000f5b80000,0x00000000f5b80000,0x0000000100000000)
 ParOldGen       total 362496K, used 344358K [0x00000000a0000000, 0x00000000b6200000, 0x00000000e0000000)
  object space 362496K, 94% used [0x00000000a0000000,0x00000000b5049958,0x00000000b6200000)
 Metaspace       used 66428K, capacity 68410K, committed 68608K, reserved 1110016K
  class space    used 8427K, capacity 8871K, committed 8960K, reserved 1048576K
}
Event: 429.890 GC heap before
{Heap before GC invocations=42 (full 9):
 PSYoungGen      total 349696K, used 79833K [0x00000000e0000000, 0x0000000100000000, 0x0000000100000000)
  eden space 175104K, 0% used [0x00000000e0000000,0x00000000e0000000,0x00000000eab00000)
  from space 174592K, 45% used [0x00000000eab00000,0x00000000ef8f67d0,0x00000000f5580000)
  to   space 168448K, 0% used [0x00000000f5b80000,0x00000000f5b80000,0x0000000100000000)
 ParOldGen       total 362496K, used 344358K [0x00000000a0000000, 0x00000000b6200000, 0x00000000e0000000)
  object space 362496K, 94% used [0x00000000a0000000,0x00000000b5049958,0x00000000b6200000)
 Metaspace       used 66428K, capacity 68410K, committed 68608K, reserved 1110016K
  class space    used 8427K, capacity 8871K, committed 8960K, reserved 1048576K

